<?xml version="1.0" encoding="UTF-8"?>
<!-- Generated by org.testng.reporters.JUnitReportReporter -->
<testsuite hostname="DESKTOP-HCT5P6A" failures="0" tests="2" name="TestCase2" time="50.428" errors="0" timestamp="2021-06-28T02:10:37 SGT" skipped="0">
  <testcase classname="TestCase2" name="openBrowser" time="3.161"/>
  <system-out/>
  <testcase classname="TestCase2" name="contactUsMultiple" time="47.267"/>
  <system-out/>
</testsuite> <!-- TestCase2 -->
