<?xml version="1.0" encoding="UTF-8"?>
<!-- Generated by org.testng.reporters.JUnitReportReporter -->
<testsuite hostname="DESKTOP-HCT5P6A" failures="0" tests="1" name="JupiterShopPage" time="2.958" errors="0" timestamp="2021-06-28T00:16:38 SGT" skipped="0">
  <testcase classname="JupiterShopPage" name="openBrowser" time="2.958"/>
  <system-out/>
</testsuite> <!-- JupiterShopPage -->
