<?xml version="1.0" encoding="UTF-8"?>
<!-- Generated by org.testng.reporters.JUnitReportReporter -->
<testsuite hostname="DESKTOP-HCT5P6A" failures="0" tests="2" name="TestCase4" time="4.900" errors="0" timestamp="2021-06-28T02:12:04 SGT" skipped="0">
  <testcase classname="TestCase4" name="buyFrogBunnyAndBear" time="1.737"/>
  <system-out/>
  <testcase classname="TestCase4" name="openBrowser" time="3.163"/>
  <system-out/>
</testsuite> <!-- TestCase4 -->
