<?xml version="1.0" encoding="UTF-8"?>
<!-- Generated by org.testng.reporters.JUnitReportReporter -->
<testsuite hostname="DESKTOP-HCT5P6A" failures="0" tests="2" name="TestCase3" time="4.723" errors="0" timestamp="2021-06-28T02:11:51 SGT" skipped="0">
  <testcase classname="TestCase3" name="buyFunnyCowAndFluffyBunny" time="1.412"/>
  <system-out/>
  <testcase classname="TestCase3" name="openBrowser" time="3.311"/>
  <system-out/>
</testsuite> <!-- TestCase3 -->
