<?xml version="1.0" encoding="UTF-8"?>
<!-- Generated by org.testng.reporters.JUnitReportReporter -->
<testsuite hostname="DESKTOP-HCT5P6A" failures="0" tests="2" name="TestCase1" time="6.340" errors="0" timestamp="2021-06-28T02:09:04 SGT" skipped="0">
  <testcase classname="TestCase1" name="contactUs" time="3.122"/>
  <system-out/>
  <testcase classname="TestCase1" name="openBrowser" time="3.218"/>
  <system-out/>
</testsuite> <!-- TestCase1 -->
